  [1m[35m (0.1ms)[0m  [1m[34mSELECT sqlite_version(*)[0m
  â†³ bin/rails:9
  [1m[35m (1.3ms)[0m  [1m[35mCREATE TABLE "schema_migrations" ("version" varchar NOT NULL PRIMARY KEY)[0m
  â†³ bin/rails:9
  [1m[35m (2.0ms)[0m  [1m[35mCREATE TABLE "ar_internal_metadata" ("key" varchar NOT NULL PRIMARY KEY, "value" varchar, "created_at" datetime NOT NULL, "updated_at" datetime NOT NULL)[0m
  â†³ bin/rails:9
  [1m[35m (0.1ms)[0m  [1m[34mSELECT "schema_migrations"."version" FROM "schema_migrations" ORDER BY "schema_migrations"."version" ASC[0m
  â†³ bin/rails:9
Migrating to DeviseCreateUsers (20200830060820)
  [1m[35m (0.1ms)[0m  [1m[36mbegin transaction[0m
  â†³ bin/rails:9
  [1m[35m (0.4ms)[0m  [1m[35mCREATE TABLE "users" ("id" integer PRIMARY KEY AUTOINCREMENT NOT NULL, "email" varchar DEFAULT '' NOT NULL, "encrypted_password" varchar DEFAULT '' NOT NULL, "reset_password_token" varchar, "reset_password_sent_at" datetime, "remember_created_at" datetime, "name" varchar, "introduction" text, "profile_image_id" varchar, "created_at" datetime NOT NULL, "updated_at" datetime NOT NULL)[0m
  â†³ db/migrate/20200830060820_devise_create_users.rb:5
  [1m[35m (0.1ms)[0m  [1m[35mCREATE UNIQUE INDEX "index_users_on_email" ON "users" ("email")[0m
  â†³ db/migrate/20200830060820_devise_create_users.rb:41
  [1m[35m (0.1ms)[0m  [1m[35mCREATE UNIQUE INDEX "index_users_on_reset_password_token" ON "users" ("reset_password_token")[0m
  â†³ db/migrate/20200830060820_devise_create_users.rb:42
  [1m[36mActiveRecord::SchemaMigration Create (0.1ms)[0m  [1m[32mINSERT INTO "schema_migrations" ("version") VALUES (?)[0m  [["version", "20200830060820"]]
  â†³ bin/rails:9
  [1m[35m (0.8ms)[0m  [1m[36mcommit transaction[0m
  â†³ bin/rails:9
Migrating to CreateBooks (20200830062142)
  [1m[35m (0.1ms)[0m  [1m[36mbegin transaction[0m
  â†³ bin/rails:9
  [1m[35m (0.4ms)[0m  [1m[35mCREATE TABLE "books" ("id" integer PRIMARY KEY AUTOINCREMENT NOT NULL, "title" varchar, "body" text, "user_id" integer, "created_at" datetime NOT NULL, "updated_at" datetime NOT NULL)[0m
  â†³ db/migrate/20200830062142_create_books.rb:3
  [1m[36mActiveRecord::SchemaMigration Create (0.3ms)[0m  [1m[32mINSERT INTO "schema_migrations" ("version") VALUES (?)[0m  [["version", "20200830062142"]]
  â†³ bin/rails:9
  [1m[35m (1.9ms)[0m  [1m[36mcommit transaction[0m
  â†³ bin/rails:9
Migrating to CreateFavorites (20201002001008)
  [1m[35m (0.1ms)[0m  [1m[36mbegin transaction[0m
  â†³ bin/rails:9
  [1m[35m (0.9ms)[0m  [1m[35mCREATE TABLE "favorites" ("id" integer PRIMARY KEY AUTOINCREMENT NOT NULL, "user_id" integer, "book_id" integer, "created_at" datetime NOT NULL, "updated_at" datetime NOT NULL)[0m
  â†³ db/migrate/20201002001008_create_favorites.rb:3
  [1m[36mActiveRecord::SchemaMigration Create (0.2ms)[0m  [1m[32mINSERT INTO "schema_migrations" ("version") VALUES (?)[0m  [["version", "20201002001008"]]
  â†³ bin/rails:9
  [1m[35m (0.9ms)[0m  [1m[36mcommit transaction[0m
  â†³ bin/rails:9
Migrating to CreateBookComments (20201002051321)
  [1m[35m (0.1ms)[0m  [1m[36mbegin transaction[0m
  â†³ bin/rails:9
  [1m[35m (0.6ms)[0m  [1m[35mCREATE TABLE "book_comments" ("id" integer PRIMARY KEY AUTOINCREMENT NOT NULL, "content" varchar, "user_id" integer, "post_id" integer, "created_at" datetime NOT NULL, "updated_at" datetime NOT NULL, CONSTRAINT "fk_rails_aaef0f940d"
FOREIGN KEY ("user_id")
  REFERENCES "users" ("id")
, CONSTRAINT "fk_rails_3e35b1f29f"
FOREIGN KEY ("post_id")
  REFERENCES "posts" ("id")
)[0m
  â†³ db/migrate/20201002051321_create_book_comments.rb:3
  [1m[35m (0.1ms)[0m  [1m[35mCREATE  INDEX "index_book_comments_on_user_id" ON "book_comments" ("user_id")[0m
  â†³ db/migrate/20201002051321_create_book_comments.rb:3
  [1m[35m (0.1ms)[0m  [1m[35mCREATE  INDEX "index_book_comments_on_post_id" ON "book_comments" ("post_id")[0m
  â†³ db/migrate/20201002051321_create_book_comments.rb:3
  [1m[36mActiveRecord::SchemaMigration Create (0.1ms)[0m  [1m[32mINSERT INTO "schema_migrations" ("version") VALUES (?)[0m  [["version", "20201002051321"]]
  â†³ bin/rails:9
  [1m[35m (0.8ms)[0m  [1m[36mcommit transaction[0m
  â†³ bin/rails:9
Migrating to RenamePostIdColumnToBookComments (20201002064206)
  [1m[35m (0.1ms)[0m  [1m[36mbegin transaction[0m
  â†³ bin/rails:9
  [1m[35m (0.1ms)[0m  [1m[35mCREATE TEMPORARY TABLE "abook_comments" ("id" integer NOT NULL PRIMARY KEY, "content" varchar DEFAULT NULL, "user_id" integer DEFAULT NULL, "book_id" integer DEFAULT NULL, "created_at" datetime NOT NULL, "updated_at" datetime NOT NULL)[0m
  â†³ db/migrate/20201002064206_rename_post_id_column_to_book_comments.rb:3
  [1m[35m (0.3ms)[0m  [1m[35mCREATE  INDEX "tindex_abook_comments_on_post_id" ON "abook_comments" ("book_id")[0m
  â†³ db/migrate/20201002064206_rename_post_id_column_to_book_comments.rb:3
  [1m[35m (0.6ms)[0m  [1m[35mCREATE  INDEX "tindex_abook_comments_on_user_id" ON "abook_comments" ("user_id")[0m
  â†³ db/migrate/20201002064206_rename_post_id_column_to_book_comments.rb:3
  [1m[35m (0.5ms)[0m  [1m[32mINSERT INTO "abook_comments" ("id","content","user_id","book_id","created_at","updated_at")
                     SELECT "id","content","user_id","post_id","created_at","updated_at" FROM "book_comments"[0m
  â†³ db/migrate/20201002064206_rename_post_id_column_to_book_comments.rb:3
  [1m[35m (0.9ms)[0m  [1m[35mDROP TABLE "book_comments"[0m
  â†³ db/migrate/20201002064206_rename_post_id_column_to_book_comments.rb:3
  [1m[35m (0.2ms)[0m  [1m[35mCREATE TABLE "book_comments" ("id" integer NOT NULL PRIMARY KEY, "content" varchar DEFAULT NULL, "user_id" integer DEFAULT NULL, "book_id" integer DEFAULT NULL, "created_at" datetime NOT NULL, "updated_at" datetime NOT NULL)[0m
  â†³ db/migrate/20201002064206_rename_post_id_column_to_book_comments.rb:3
  [1m[35m (0.3ms)[0m  [1m[35mCREATE  INDEX "index_book_comments_on_user_id" ON "book_comments" ("user_id")[0m
  â†³ db/migrate/20201002064206_rename_post_id_column_to_book_comments.rb:3
  [1m[35m (0.1ms)[0m  [1m[35mCREATE  INDEX "index_book_comments_on_post_id" ON "book_comments" ("book_id")[0m
  â†³ db/migrate/20201002064206_rename_post_id_column_to_book_comments.rb:3
  [1m[35m (0.1ms)[0m  [1m[32mINSERT INTO "book_comments" ("id","content","user_id","book_id","created_at","updated_at")
                     SELECT "id","content","user_id","book_id","created_at","updated_at" FROM "abook_comments"[0m
  â†³ db/migrate/20201002064206_rename_post_id_column_to_book_comments.rb:3
  [1m[35m (0.1ms)[0m  [1m[35mDROP TABLE "abook_comments"[0m
  â†³ db/migrate/20201002064206_rename_post_id_column_to_book_comments.rb:3
  [1m[35m (0.1ms)[0m  [1m[35mCREATE  INDEX "index_book_comments_on_book_id" ON "book_comments" ("book_id")[0m
  â†³ db/migrate/20201002064206_rename_post_id_column_to_book_comments.rb:3
  [1m[35m (0.1ms)[0m  [1m[35mDROP INDEX "index_book_comments_on_post_id"[0m
  â†³ db/migrate/20201002064206_rename_post_id_column_to_book_comments.rb:3
  [1m[36mActiveRecord::SchemaMigration Create (0.1ms)[0m  [1m[32mINSERT INTO "schema_migrations" ("version") VALUES (?)[0m  [["version", "20201002064206"]]
  â†³ bin/rails:9
  [1m[35m (1.3ms)[0m  [1m[36mcommit transaction[0m
  â†³ bin/rails:9
Migrating to AddAdminToUsers (20201008114102)
  [1m[35m (0.1ms)[0m  [1m[36mbegin transaction[0m
  â†³ bin/rails:9
  [1m[35m (0.9ms)[0m  [1m[35mALTER TABLE "users" ADD "admin" boolean[0m
  â†³ db/migrate/20201008114102_add_admin_to_users.rb:3
  [1m[36mActiveRecord::SchemaMigration Create (0.2ms)[0m  [1m[32mINSERT INTO "schema_migrations" ("version") VALUES (?)[0m  [["version", "20201008114102"]]
  â†³ bin/rails:9
  [1m[35m (0.9ms)[0m  [1m[36mcommit transaction[0m
  â†³ bin/rails:9
  [1m[36mActiveRecord::InternalMetadata Load (0.2ms)[0m  [1m[34mSELECT  "ar_internal_metadata".* FROM "ar_internal_metadata" WHERE "ar_internal_metadata"."key" = ? LIMIT ?[0m  [["key", "environment"], ["LIMIT", 1]]
  â†³ bin/rails:9
  [1m[35m (0.1ms)[0m  [1m[36mbegin transaction[0m
  â†³ bin/rails:9
  [1m[36mActiveRecord::InternalMetadata Create (0.4ms)[0m  [1m[32mINSERT INTO "ar_internal_metadata" ("key", "value", "created_at", "updated_at") VALUES (?, ?, ?, ?)[0m  [["key", "environment"], ["value", "development"], ["created_at", "2020-10-08 11:41:36.513813"], ["updated_at", "2020-10-08 11:41:36.513813"]]
  â†³ bin/rails:9
  [1m[35m (0.7ms)[0m  [1m[36mcommit transaction[0m
  â†³ bin/rails:9
  [1m[35m (0.2ms)[0m  [1m[34mSELECT "schema_migrations"."version" FROM "schema_migrations" ORDER BY "schema_migrations"."version" ASC[0m
  â†³ bin/rails:9
  [1m[35m (0.1ms)[0m  [1m[34mSELECT "schema_migrations"."version" FROM "schema_migrations" ORDER BY "schema_migrations"."version" ASC[0m
  â†³ bin/rails:9
  [1m[36mActiveRecord::InternalMetadata Load (0.1ms)[0m  [1m[34mSELECT  "ar_internal_metadata".* FROM "ar_internal_metadata" WHERE "ar_internal_metadata"."key" = ? LIMIT ?[0m  [["key", "environment"], ["LIMIT", 1]]
  â†³ bin/rails:9
  [1m[35m (0.1ms)[0m  [1m[36mbegin transaction[0m
  â†³ bin/rails:9
  [1m[35m (0.0ms)[0m  [1m[36mcommit transaction[0m
  â†³ bin/rails:9
  [1m[35m (0.1ms)[0m  [1m[34mSELECT "schema_migrations"."version" FROM "schema_migrations" ORDER BY "schema_migrations"."version" ASC[0m
  â†³ bin/rails:9
  [1m[35m (0.1ms)[0m  [1m[34mSELECT "schema_migrations"."version" FROM "schema_migrations" ORDER BY "schema_migrations"."version" ASC[0m
  â†³ bin/rails:9
Migrating to RemoveAdminFromUsers (20201008115015)
  [1m[35m (0.0ms)[0m  [1m[36mbegin transaction[0m
  â†³ bin/rails:9
  [1m[35m (0.0ms)[0m  [1m[34mSELECT sqlite_version(*)[0m
  â†³ db/migrate/20201008115015_remove_admin_from_users.rb:3
  [1m[35m (0.2ms)[0m  [1m[35mCREATE TEMPORARY TABLE "ausers" ("id" integer NOT NULL PRIMARY KEY, "email" varchar DEFAULT '' NOT NULL, "encrypted_password" varchar DEFAULT '' NOT NULL, "reset_password_token" varchar DEFAULT NULL, "reset_password_sent_at" datetime DEFAULT NULL, "remember_created_at" datetime DEFAULT NULL, "name" varchar DEFAULT NULL, "introduction" text DEFAULT NULL, "profile_image_id" varchar DEFAULT NULL, "created_at" datetime NOT NULL, "updated_at" datetime NOT NULL, "admin" boolean DEFAULT NULL)[0m
  â†³ db/migrate/20201008115015_remove_admin_from_users.rb:3
  [1m[35m (0.1ms)[0m  [1m[35mCREATE UNIQUE INDEX "tindex_ausers_on_reset_password_token" ON "ausers" ("reset_password_token")[0m
  â†³ db/migrate/20201008115015_remove_admin_from_users.rb:3
  [1m[35m (0.1ms)[0m  [1m[35mCREATE UNIQUE INDEX "tindex_ausers_on_email" ON "ausers" ("email")[0m
  â†³ db/migrate/20201008115015_remove_admin_from_users.rb:3
  [1m[35m (0.1ms)[0m  [1m[32mINSERT INTO "ausers" ("id","email","encrypted_password","reset_password_token","reset_password_sent_at","remember_created_at","name","introduction","profile_image_id","created_at","updated_at","admin")
                     SELECT "id","email","encrypted_password","reset_password_token","reset_password_sent_at","remember_created_at","name","introduction","profile_image_id","created_at","updated_at","admin" FROM "users"[0m
  â†³ db/migrate/20201008115015_remove_admin_from_users.rb:3
  [1m[35m (0.4ms)[0m  [1m[35mDROP TABLE "users"[0m
  â†³ db/migrate/20201008115015_remove_admin_from_users.rb:3
  [1m[35m (0.1ms)[0m  [1m[35mCREATE TABLE "users" ("id" integer NOT NULL PRIMARY KEY, "email" varchar DEFAULT '' NOT NULL, "encrypted_password" varchar DEFAULT '' NOT NULL, "reset_password_token" varchar DEFAULT NULL, "reset_password_sent_at" datetime DEFAULT NULL, "remember_created_at" datetime DEFAULT NULL, "name" varchar DEFAULT NULL, "introduction" text DEFAULT NULL, "profile_image_id" varchar DEFAULT NULL, "created_at" datetime NOT NULL, "updated_at" datetime NOT NULL)[0m
  â†³ db/migrate/20201008115015_remove_admin_from_users.rb:3
  [1m[35m (0.1ms)[0m  [1m[35mCREATE UNIQUE INDEX "index_users_on_email" ON "users" ("email")[0m
  â†³ db/migrate/20201008115015_remove_admin_from_users.rb:3
  [1m[35m (0.1ms)[0m  [1m[35mCREATE UNIQUE INDEX "index_users_on_reset_password_token" ON "users" ("reset_password_token")[0m
  â†³ db/migrate/20201008115015_remove_admin_from_users.rb:3
  [1m[35m (0.2ms)[0m  [1m[32mINSERT INTO "users" ("id","email","encrypted_password","reset_password_token","reset_password_sent_at","remember_created_at","name","introduction","profile_image_id","created_at","updated_at")
                     SELECT "id","email","encrypted_password","reset_password_token","reset_password_sent_at","remember_created_at","name","introduction","profile_image_id","created_at","updated_at" FROM "ausers"[0m
  â†³ db/migrate/20201008115015_remove_admin_from_users.rb:3
  [1m[35m (0.1ms)[0m  [1m[35mDROP TABLE "ausers"[0m
  â†³ db/migrate/20201008115015_remove_admin_from_users.rb:3
  [1m[36mActiveRecord::SchemaMigration Create (0.3ms)[0m  [1m[32mINSERT INTO "schema_migrations" ("version") VALUES (?)[0m  [["version", "20201008115015"]]
  â†³ bin/rails:9
  [1m[35m (0.6ms)[0m  [1m[36mcommit transaction[0m
  â†³ bin/rails:9
  [1m[36mActiveRecord::InternalMetadata Load (0.1ms)[0m  [1m[34mSELECT  "ar_internal_metadata".* FROM "ar_internal_metadata" WHERE "ar_internal_metadata"."key" = ? LIMIT ?[0m  [["key", "environment"], ["LIMIT", 1]]
  â†³ bin/rails:9
  [1m[35m (0.0ms)[0m  [1m[36mbegin transaction[0m
  â†³ bin/rails:9
  [1m[35m (0.0ms)[0m  [1m[36mcommit transaction[0m
  â†³ bin/rails:9
  [1m[35m (0.1ms)[0m  [1m[34mSELECT "schema_migrations"."version" FROM "schema_migrations" ORDER BY "schema_migrations"."version" ASC[0m
  â†³ bin/rails:9
  [1m[35m (0.1ms)[0m  [1m[34mSELECT "schema_migrations"."version" FROM "schema_migrations" ORDER BY "schema_migrations"."version" ASC[0m
  â†³ bin/rails:9
Migrating to AddAdminuToUsers (20201008115101)
  [1m[35m (0.0ms)[0m  [1m[36mbegin transaction[0m
  â†³ bin/rails:9
  [1m[35m (0.5ms)[0m  [1m[35mALTER TABLE "users" ADD "admin" boolean DEFAULT 0[0m
  â†³ db/migrate/20201008115101_add_adminu_to_users.rb:3
  [1m[36mActiveRecord::SchemaMigration Create (0.2ms)[0m  [1m[32mINSERT INTO "schema_migrations" ("version") VALUES (?)[0m  [["version", "20201008115101"]]
  â†³ bin/rails:9
  [1m[35m (0.7ms)[0m  [1m[36mcommit transaction[0m
  â†³ bin/rails:9
  [1m[36mActiveRecord::InternalMetadata Load (0.1ms)[0m  [1m[34mSELECT  "ar_internal_metadata".* FROM "ar_internal_metadata" WHERE "ar_internal_metadata"."key" = ? LIMIT ?[0m  [["key", "environment"], ["LIMIT", 1]]
  â†³ bin/rails:9
  [1m[35m (0.0ms)[0m  [1m[36mbegin transaction[0m
  â†³ bin/rails:9
  [1m[35m (0.0ms)[0m  [1m[36mcommit transaction[0m
  â†³ bin/rails:9
  [1m[35m (0.7ms)[0m  [1m[34mSELECT "schema_migrations"."version" FROM "schema_migrations" ORDER BY "schema_migrations"."version" ASC[0m
  â†³ bin/rails:9
Started GET "/" for ::1 at 2020-10-08 21:47:21 +0900
  [1m[35m (0.2ms)[0m  [1m[34mSELECT "schema_migrations"."version" FROM "schema_migrations" ORDER BY "schema_migrations"."version" ASC[0m
  â†³ /Users/nobuko.m/.rbenv/versions/2.6.3/lib/ruby/gems/2.6.0/gems/activerecord-5.2.4.3/lib/active_record/log_subscriber.rb:98
Processing by HomesController#top as HTML
  Rendering homes/top.html.erb within layouts/application
  Rendered homes/top.html.erb within layouts/application (2.0ms)
  Rendered layouts/_header.html.erb (2.8ms)
  Rendered layouts/_footer.html.erb (0.3ms)
Completed 200 OK in 3195ms (Views: 3185.0ms | ActiveRecord: 0.0ms)


Started GET "/users/sign_up" for ::1 at 2020-10-08 21:47:27 +0900
Processing by Devise::RegistrationsController#new as HTML
  Rendering devise/registrations/new.html.erb within layouts/application
  Rendered devise/shared/_error_messages.html.erb (0.4ms)
  Rendered devise/shared/_links.html.erb (2.9ms)
  Rendered devise/registrations/new.html.erb within layouts/application (40.4ms)
  Rendered layouts/_header.html.erb (0.8ms)
  Rendered layouts/_footer.html.erb (0.3ms)
Completed 200 OK in 114ms (Views: 101.7ms | ActiveRecord: 0.6ms)


Started POST "/users" for ::1 at 2020-10-08 21:47:38 +0900
Processing by Devise::RegistrationsController#create as HTML
  Parameters: {"utf8"=>"âœ“", "authenticity_token"=>"D/ZgjDfNHhk4HxU0tMVBu3Mo5f2TjAljH2bSf2WeLa7lZF5qVNwlnNKihTKm4TCL1I3oTcx1TC2zj83JIeZxTA==", "user"=>{"name"=>"ã•ã¤ã¾ã„ã‚‚", "email"=>"pumpkin@kabocha", "password"=>"[FILTERED]", "password_confirmation"=>"[FILTERED]"}, "commit"=>"Sign up"}
  [1m[35m (0.1ms)[0m  [1m[36mbegin transaction[0m
  â†³ /Users/nobuko.m/.rbenv/versions/2.6.3/lib/ruby/gems/2.6.0/gems/activerecord-5.2.4.3/lib/active_record/log_subscriber.rb:98
  [1m[36mUser Exists (0.2ms)[0m  [1m[34mSELECT  1 AS one FROM "users" WHERE "users"."email" = ? LIMIT ?[0m  [["email", "pumpkin@kabocha"], ["LIMIT", 1]]
  â†³ /Users/nobuko.m/.rbenv/versions/2.6.3/lib/ruby/gems/2.6.0/gems/activerecord-5.2.4.3/lib/active_record/log_subscriber.rb:98
  [1m[36mUser Exists (0.1ms)[0m  [1m[34mSELECT  1 AS one FROM "users" WHERE "users"."name" = ? LIMIT ?[0m  [["name", "ã•ã¤ã¾ã„ã‚‚"], ["LIMIT", 1]]
  â†³ /Users/nobuko.m/.rbenv/versions/2.6.3/lib/ruby/gems/2.6.0/gems/activerecord-5.2.4.3/lib/active_record/log_subscriber.rb:98
  [1m[36mUser Create (0.3ms)[0m  [1m[32mINSERT INTO "users" ("email", "encrypted_password", "name", "created_at", "updated_at") VALUES (?, ?, ?, ?, ?)[0m  [["email", "pumpkin@kabocha"], ["encrypted_password", "$2a$12$k8z9/WDC10TOe07HImAiIuuIANEJq7D0Nu5ZhQjAnhYzv8EOdje.2"], ["name", "ã•ã¤ã¾ã„ã‚‚"], ["created_at", "2020-10-08 12:47:39.196205"], ["updated_at", "2020-10-08 12:47:39.196205"]]
  â†³ /Users/nobuko.m/.rbenv/versions/2.6.3/lib/ruby/gems/2.6.0/gems/activerecord-5.2.4.3/lib/active_record/log_subscriber.rb:98
  [1m[35m (0.8ms)[0m  [1m[36mcommit transaction[0m
  â†³ /Users/nobuko.m/.rbenv/versions/2.6.3/lib/ruby/gems/2.6.0/gems/activerecord-5.2.4.3/lib/active_record/log_subscriber.rb:98
Redirected to http://localhost:3000/users/1
Completed 302 Found in 249ms (ActiveRecord: 1.5ms)


Started GET "/users/1" for ::1 at 2020-10-08 21:47:39 +0900
Processing by UsersController#show as HTML
  Parameters: {"id"=>"1"}
  [1m[36mUser Load (0.2ms)[0m  [1m[34mSELECT  "users".* FROM "users" WHERE "users"."id" = ? ORDER BY "users"."id" ASC LIMIT ?[0m  [["id", 1], ["LIMIT", 1]]
  â†³ /Users/nobuko.m/.rbenv/versions/2.6.3/lib/ruby/gems/2.6.0/gems/activerecord-5.2.4.3/lib/active_record/log_subscriber.rb:98
  [1m[36mUser Load (0.2ms)[0m  [1m[34mSELECT  "users".* FROM "users" WHERE "users"."id" = ? LIMIT ?[0m  [["id", 1], ["LIMIT", 1]]
  â†³ app/controllers/users_controller.rb:6
  Rendering users/show.html.erb within layouts/application
  Rendered users/_profile.html.erb (1.9ms)
  Rendered books/_form.html.erb (5.1ms)
  [1m[36mBook Load (0.2ms)[0m  [1m[34mSELECT "books".* FROM "books" WHERE "books"."user_id" = ?[0m  [["user_id", 1]]
  â†³ app/views/users/show.html.erb:24
  Rendered users/show.html.erb within layouts/application (18.1ms)
  Rendered layouts/_header.html.erb (1.3ms)
  Rendered layouts/_footer.html.erb (0.3ms)
Completed 200 OK in 129ms (Views: 90.4ms | ActiveRecord: 1.2ms)


Started GET "/books" for ::1 at 2020-10-08 21:47:53 +0900
Processing by BooksController#index as HTML
  [1m[36mUser Load (0.2ms)[0m  [1m[34mSELECT  "users".* FROM "users" WHERE "users"."id" = ? ORDER BY "users"."id" ASC LIMIT ?[0m  [["id", 1], ["LIMIT", 1]]
  â†³ /Users/nobuko.m/.rbenv/versions/2.6.3/lib/ruby/gems/2.6.0/gems/activerecord-5.2.4.3/lib/active_record/log_subscriber.rb:98
  Rendering books/index.html.erb within layouts/application
  Rendered users/_profile.html.erb (1.9ms)
  Rendered books/_form.html.erb (2.9ms)
  [1m[36mBook Load (0.6ms)[0m  [1m[34mSELECT "books".* FROM "books"[0m
  â†³ app/views/books/_index.html.erb:12
  Rendered books/_index.html.erb (1.6ms)
  Rendered books/index.html.erb within layouts/application (9.2ms)
  Rendered layouts/_header.html.erb (0.6ms)
  Rendered layouts/_footer.html.erb (0.2ms)
Completed 200 OK in 113ms (Views: 97.4ms | ActiveRecord: 1.3ms)


Started GET "/users" for ::1 at 2020-10-08 21:47:55 +0900
Processing by UsersController#index as HTML
  [1m[36mUser Load (0.2ms)[0m  [1m[34mSELECT  "users".* FROM "users" WHERE "users"."id" = ? ORDER BY "users"."id" ASC LIMIT ?[0m  [["id", 1], ["LIMIT", 1]]
  â†³ /Users/nobuko.m/.rbenv/versions/2.6.3/lib/ruby/gems/2.6.0/gems/activerecord-5.2.4.3/lib/active_record/log_subscriber.rb:98
  Rendering users/index.html.erb within layouts/application
  Rendered users/_profile.html.erb (2.1ms)
  Rendered books/_form.html.erb (2.2ms)
  [1m[36mUser Load (0.4ms)[0m  [1m[34mSELECT "users".* FROM "users"[0m
  â†³ app/views/users/_index.html.erb:11
  Rendered users/_index.html.erb (2.9ms)
  Rendered users/index.html.erb within layouts/application (10.8ms)
  Rendered layouts/_header.html.erb (0.6ms)
  Rendered layouts/_footer.html.erb (0.2ms)
Completed 200 OK in 61ms (Views: 57.2ms | ActiveRecord: 0.7ms)


  [1m[35m (0.1ms)[0m  [1m[34mSELECT "schema_migrations"."version" FROM "schema_migrations" ORDER BY "schema_migrations"."version" ASC[0m
  â†³ bin/rails:9
  [1m[35m (0.1ms)[0m  [1m[34mSELECT "ar_internal_metadata"."value" FROM "ar_internal_metadata" WHERE "ar_internal_metadata"."key" = ?[0m  [["key", "environment"]]
  â†³ bin/rails:9
  [1m[35m (0.1ms)[0m  [1m[34mSELECT "schema_migrations"."version" FROM "schema_migrations" ORDER BY "schema_migrations"."version" ASC[0m
  â†³ bin/rails:9
  [1m[35m (0.1ms)[0m  [1m[34mSELECT "ar_internal_metadata"."value" FROM "ar_internal_metadata" WHERE "ar_internal_metadata"."key" = ?[0m  [["key", "environment"]]
  â†³ bin/rails:9
  [1m[35m (0.1ms)[0m  [1m[34mSELECT "schema_migrations"."version" FROM "schema_migrations" ORDER BY "schema_migrations"."version" ASC[0m
  â†³ bin/rails:9
  [1m[35m (0.1ms)[0m  [1m[34mSELECT "ar_internal_metadata"."value" FROM "ar_internal_metadata" WHERE "ar_internal_metadata"."key" = ?[0m  [["key", "environment"]]
  â†³ bin/rails:9
  [1m[35m (0.0ms)[0m  [1m[34mSELECT sqlite_version(*)[0m
  â†³ bin/rails:9
  [1m[35m (0.8ms)[0m  [1m[35mCREATE TABLE "schema_migrations" ("version" varchar NOT NULL PRIMARY KEY)[0m
  â†³ bin/rails:9
  [1m[35m (0.9ms)[0m  [1m[35mCREATE TABLE "ar_internal_metadata" ("key" varchar NOT NULL PRIMARY KEY, "value" varchar, "created_at" datetime NOT NULL, "updated_at" datetime NOT NULL)[0m
  â†³ bin/rails:9
  [1m[35m (0.1ms)[0m  [1m[34mSELECT "schema_migrations"."version" FROM "schema_migrations" ORDER BY "schema_migrations"."version" ASC[0m
  â†³ bin/rails:9
Migrating to DeviseCreateUsers (20200830060820)
  [1m[35m (0.0ms)[0m  [1m[36mbegin transaction[0m
  â†³ bin/rails:9
  [1m[35m (0.4ms)[0m  [1m[35mCREATE TABLE "users" ("id" integer PRIMARY KEY AUTOINCREMENT NOT NULL, "email" varchar DEFAULT '' NOT NULL, "encrypted_password" varchar DEFAULT '' NOT NULL, "reset_password_token" varchar, "reset_password_sent_at" datetime, "remember_created_at" datetime, "name" varchar, "introduction" text, "profile_image_id" varchar, "created_at" datetime NOT NULL, "updated_at" datetime NOT NULL)[0m
  â†³ db/migrate/20200830060820_devise_create_users.rb:5
  [1m[35m (0.2ms)[0m  [1m[35mCREATE UNIQUE INDEX "index_users_on_email" ON "users" ("email")[0m
  â†³ db/migrate/20200830060820_devise_create_users.rb:41
  [1m[35m (0.5ms)[0m  [1m[35mCREATE UNIQUE INDEX "index_users_on_reset_password_token" ON "users" ("reset_password_token")[0m
  â†³ db/migrate/20200830060820_devise_create_users.rb:42
  [1m[36mActiveRecord::SchemaMigration Create (0.2ms)[0m  [1m[32mINSERT INTO "schema_migrations" ("version") VALUES (?)[0m  [["version", "20200830060820"]]
  â†³ bin/rails:9
  [1m[35m (0.6ms)[0m  [1m[36mcommit transaction[0m
  â†³ bin/rails:9
Migrating to CreateBooks (20200830062142)
  [1m[35m (0.0ms)[0m  [1m[36mbegin transaction[0m
  â†³ bin/rails:9
  [1m[35m (0.4ms)[0m  [1m[35mCREATE TABLE "books" ("id" integer PRIMARY KEY AUTOINCREMENT NOT NULL, "title" varchar, "body" text, "user_id" integer, "created_at" datetime NOT NULL, "updated_at" datetime NOT NULL)[0m
  â†³ db/migrate/20200830062142_create_books.rb:3
  [1m[36mActiveRecord::SchemaMigration Create (0.1ms)[0m  [1m[32mINSERT INTO "schema_migrations" ("version") VALUES (?)[0m  [["version", "20200830062142"]]
  â†³ bin/rails:9
  [1m[35m (0.6ms)[0m  [1m[36mcommit transaction[0m
  â†³ bin/rails:9
Migrating to CreateFavorites (20201002001008)
  [1m[35m (0.2ms)[0m  [1m[36mbegin transaction[0m
  â†³ bin/rails:9
  [1m[35m (0.6ms)[0m  [1m[35mCREATE TABLE "favorites" ("id" integer PRIMARY KEY AUTOINCREMENT NOT NULL, "user_id" integer, "book_id" integer, "created_at" datetime NOT NULL, "updated_at" datetime NOT NULL)[0m
  â†³ db/migrate/20201002001008_create_favorites.rb:3
  [1m[36mActiveRecord::SchemaMigration Create (0.2ms)[0m  [1m[32mINSERT INTO "schema_migrations" ("version") VALUES (?)[0m  [["version", "20201002001008"]]
  â†³ bin/rails:9
  [1m[35m (0.9ms)[0m  [1m[36mcommit transaction[0m
  â†³ bin/rails:9
Migrating to CreateBookComments (20201002051321)
  [1m[35m (0.0ms)[0m  [1m[36mbegin transaction[0m
  â†³ bin/rails:9
  [1m[35m (0.4ms)[0m  [1m[35mCREATE TABLE "book_comments" ("id" integer PRIMARY KEY AUTOINCREMENT NOT NULL, "content" varchar, "user_id" integer, "post_id" integer, "created_at" datetime NOT NULL, "updated_at" datetime NOT NULL, CONSTRAINT "fk_rails_aaef0f940d"
FOREIGN KEY ("user_id")
  REFERENCES "users" ("id")
, CONSTRAINT "fk_rails_3e35b1f29f"
FOREIGN KEY ("post_id")
  REFERENCES "posts" ("id")
)[0m
  â†³ db/migrate/20201002051321_create_book_comments.rb:3
  [1m[35m (0.1ms)[0m  [1m[35mCREATE  INDEX "index_book_comments_on_user_id" ON "book_comments" ("user_id")[0m
  â†³ db/migrate/20201002051321_create_book_comments.rb:3
  [1m[35m (0.1ms)[0m  [1m[35mCREATE  INDEX "index_book_comments_on_post_id" ON "book_comments" ("post_id")[0m
  â†³ db/migrate/20201002051321_create_book_comments.rb:3
  [1m[36mActiveRecord::SchemaMigration Create (0.1ms)[0m  [1m[32mINSERT INTO "schema_migrations" ("version") VALUES (?)[0m  [["version", "20201002051321"]]
  â†³ bin/rails:9
  [1m[35m (0.7ms)[0m  [1m[36mcommit transaction[0m
  â†³ bin/rails:9
Migrating to RenamePostIdColumnToBookComments (20201002064206)
  [1m[35m (0.1ms)[0m  [1m[36mbegin transaction[0m
  â†³ bin/rails:9
  [1m[35m (0.1ms)[0m  [1m[35mCREATE TEMPORARY TABLE "abook_comments" ("id" integer NOT NULL PRIMARY KEY, "content" varchar DEFAULT NULL, "user_id" integer DEFAULT NULL, "book_id" integer DEFAULT NULL, "created_at" datetime NOT NULL, "updated_at" datetime NOT NULL)[0m
  â†³ db/migrate/20201002064206_rename_post_id_column_to_book_comments.rb:3
  [1m[35m (0.1ms)[0m  [1m[35mCREATE  INDEX "tindex_abook_comments_on_post_id" ON "abook_comments" ("book_id")[0m
  â†³ db/migrate/20201002064206_rename_post_id_column_to_book_comments.rb:3
  [1m[35m (0.1ms)[0m  [1m[35mCREATE  INDEX "tindex_abook_comments_on_user_id" ON "abook_comments" ("user_id")[0m
  â†³ db/migrate/20201002064206_rename_post_id_column_to_book_comments.rb:3
  [1m[35m (0.1ms)[0m  [1m[32mINSERT INTO "abook_comments" ("id","content","user_id","book_id","created_at","updated_at")
                     SELECT "id","content","user_id","post_id","created_at","updated_at" FROM "book_comments"[0m
  â†³ db/migrate/20201002064206_rename_post_id_column_to_book_comments.rb:3
  [1m[35m (0.4ms)[0m  [1m[35mDROP TABLE "book_comments"[0m
  â†³ db/migrate/20201002064206_rename_post_id_column_to_book_comments.rb:3
  [1m[35m (0.6ms)[0m  [1m[35mCREATE TABLE "book_comments" ("id" integer NOT NULL PRIMARY KEY, "content" varchar DEFAULT NULL, "user_id" integer DEFAULT NULL, "book_id" integer DEFAULT NULL, "created_at" datetime NOT NULL, "updated_at" datetime NOT NULL)[0m
  â†³ db/migrate/20201002064206_rename_post_id_column_to_book_comments.rb:3
  [1m[35m (0.7ms)[0m  [1m[35mCREATE  INDEX "index_book_comments_on_user_id" ON "book_comments" ("user_id")[0m
  â†³ db/migrate/20201002064206_rename_post_id_column_to_book_comments.rb:3
  [1m[35m (0.2ms)[0m  [1m[35mCREATE  INDEX "index_book_comments_on_post_id" ON "book_comments" ("book_id")[0m
  â†³ db/migrate/20201002064206_rename_post_id_column_to_book_comments.rb:3
  [1m[35m (0.1ms)[0m  [1m[32mINSERT INTO "book_comments" ("id","content","user_id","book_id","created_at","updated_at")
                     SELECT "id","content","user_id","book_id","created_at","updated_at" FROM "abook_comments"[0m
  â†³ db/migrate/20201002064206_rename_post_id_column_to_book_comments.rb:3
  [1m[35m (0.1ms)[0m  [1m[35mDROP TABLE "abook_comments"[0m
  â†³ db/migrate/20201002064206_rename_post_id_column_to_book_comments.rb:3
  [1m[35m (0.1ms)[0m  [1m[35mCREATE  INDEX "index_book_comments_on_book_id" ON "book_comments" ("book_id")[0m
  â†³ db/migrate/20201002064206_rename_post_id_column_to_book_comments.rb:3
  [1m[35m (0.1ms)[0m  [1m[35mDROP INDEX "index_book_comments_on_post_id"[0m
  â†³ db/migrate/20201002064206_rename_post_id_column_to_book_comments.rb:3
  [1m[36mActiveRecord::SchemaMigration Create (0.1ms)[0m  [1m[32mINSERT INTO "schema_migrations" ("version") VALUES (?)[0m  [["version", "20201002064206"]]
  â†³ bin/rails:9
  [1m[35m (0.6ms)[0m  [1m[36mcommit transaction[0m
  â†³ bin/rails:9
Migrating to AddAdminToUsers (20201008114102)
  [1m[35m (0.1ms)[0m  [1m[36mbegin transaction[0m
  â†³ bin/rails:9
  [1m[35m (0.4ms)[0m  [1m[35mALTER TABLE "users" ADD "admin" boolean DEFAULT 0[0m
  â†³ db/migrate/20201008114102_add_admin_to_users.rb:3
  [1m[36mActiveRecord::SchemaMigration Create (0.3ms)[0m  [1m[32mINSERT INTO "schema_migrations" ("version") VALUES (?)[0m  [["version", "20201008114102"]]
  â†³ bin/rails:9
  [1m[35m (0.7ms)[0m  [1m[36mcommit transaction[0m
  â†³ bin/rails:9
Migrating to RemoveAdminFromUsers (20201008115015)
  [1m[35m (0.1ms)[0m  [1m[36mbegin transaction[0m
  â†³ bin/rails:9
  [1m[35m (0.2ms)[0m  [1m[35mCREATE TEMPORARY TABLE "ausers" ("id" integer NOT NULL PRIMARY KEY, "email" varchar DEFAULT '' NOT NULL, "encrypted_password" varchar DEFAULT '' NOT NULL, "reset_password_token" varchar DEFAULT NULL, "reset_password_sent_at" datetime DEFAULT NULL, "remember_created_at" datetime DEFAULT NULL, "name" varchar DEFAULT NULL, "introduction" text DEFAULT NULL, "profile_image_id" varchar DEFAULT NULL, "created_at" datetime NOT NULL, "updated_at" datetime NOT NULL, "admin" boolean DEFAULT 0)[0m
  â†³ db/migrate/20201008115015_remove_admin_from_users.rb:3
  [1m[35m (0.1ms)[0m  [1m[35mCREATE UNIQUE INDEX "tindex_ausers_on_reset_password_token" ON "ausers" ("reset_password_token")[0m
  â†³ db/migrate/20201008115015_remove_admin_from_users.rb:3
  [1m[35m (0.1ms)[0m  [1m[35mCREATE UNIQUE INDEX "tindex_ausers_on_email" ON "ausers" ("email")[0m
  â†³ db/migrate/20201008115015_remove_admin_from_users.rb:3
  [1m[35m (0.1ms)[0m  [1m[32mINSERT INTO "ausers" ("id","email","encrypted_password","reset_password_token","reset_password_sent_at","remember_created_at","name","introduction","profile_image_id","created_at","updated_at","admin")
                     SELECT "id","email","encrypted_password","reset_password_token","reset_password_sent_at","remember_created_at","name","introduction","profile_image_id","created_at","updated_at","admin" FROM "users"[0m
  â†³ db/migrate/20201008115015_remove_admin_from_users.rb:3
  [1m[35m (0.4ms)[0m  [1m[35mDROP TABLE "users"[0m
  â†³ db/migrate/20201008115015_remove_admin_from_users.rb:3
  [1m[35m (0.2ms)[0m  [1m[35mCREATE TABLE "users" ("id" integer NOT NULL PRIMARY KEY, "email" varchar DEFAULT '' NOT NULL, "encrypted_password" varchar DEFAULT '' NOT NULL, "reset_password_token" varchar DEFAULT NULL, "reset_password_sent_at" datetime DEFAULT NULL, "remember_created_at" datetime DEFAULT NULL, "name" varchar DEFAULT NULL, "introduction" text DEFAULT NULL, "profile_image_id" varchar DEFAULT NULL, "created_at" datetime NOT NULL, "updated_at" datetime NOT NULL)[0m
  â†³ db/migrate/20201008115015_remove_admin_from_users.rb:3
  [1m[35m (0.7ms)[0m  [1m[35mCREATE UNIQUE INDEX "index_users_on_email" ON "users" ("email")[0m
  â†³ db/migrate/20201008115015_remove_admin_from_users.rb:3
  [1m[35m (0.2ms)[0m  [1m[35mCREATE UNIQUE INDEX "index_users_on_reset_password_token" ON "users" ("reset_password_token")[0m
  â†³ db/migrate/20201008115015_remove_admin_from_users.rb:3
  [1m[35m (0.1ms)[0m  [1m[32mINSERT INTO "users" ("id","email","encrypted_password","reset_password_token","reset_password_sent_at","remember_created_at","name","introduction","profile_image_id","created_at","updated_at")
                     SELECT "id","email","encrypted_password","reset_password_token","reset_password_sent_at","remember_created_at","name","introduction","profile_image_id","created_at","updated_at" FROM "ausers"[0m
  â†³ db/migrate/20201008115015_remove_admin_from_users.rb:3
  [1m[35m (0.2ms)[0m  [1m[35mDROP TABLE "ausers"[0m
  â†³ db/migrate/20201008115015_remove_admin_from_users.rb:3
  [1m[36mActiveRecord::SchemaMigration Create (0.2ms)[0m  [1m[32mINSERT INTO "schema_migrations" ("version") VALUES (?)[0m  [["version", "20201008115015"]]
  â†³ bin/rails:9
  [1m[35m (0.7ms)[0m  [1m[36mcommit transaction[0m
  â†³ bin/rails:9
Migrating to AddAdminuToUsers (20201008115101)
  [1m[35m (0.0ms)[0m  [1m[36mbegin transaction[0m
  â†³ bin/rails:9
  [1m[35m (0.5ms)[0m  [1m[35mALTER TABLE "users" ADD "admin" boolean DEFAULT 0[0m
  â†³ db/migrate/20201008115101_add_adminu_to_users.rb:3
  [1m[36mActiveRecord::SchemaMigration Create (0.2ms)[0m  [1m[32mINSERT INTO "schema_migrations" ("version") VALUES (?)[0m  [["version", "20201008115101"]]
  â†³ bin/rails:9
  [1m[35m (0.6ms)[0m  [1m[36mcommit transaction[0m
  â†³ bin/rails:9
  [1m[36mActiveRecord::InternalMetadata Load (0.2ms)[0m  [1m[34mSELECT  "ar_internal_metadata".* FROM "ar_internal_metadata" WHERE "ar_internal_metadata"."key" = ? LIMIT ?[0m  [["key", "environment"], ["LIMIT", 1]]
  â†³ bin/rails:9
  [1m[35m (0.1ms)[0m  [1m[36mbegin transaction[0m
  â†³ bin/rails:9
  [1m[36mActiveRecord::InternalMetadata Create (0.7ms)[0m  [1m[32mINSERT INTO "ar_internal_metadata" ("key", "value", "created_at", "updated_at") VALUES (?, ?, ?, ?)[0m  [["key", "environment"], ["value", "development"], ["created_at", "2020-10-08 12:54:46.008669"], ["updated_at", "2020-10-08 12:54:46.008669"]]
  â†³ bin/rails:9
  [1m[35m (0.8ms)[0m  [1m[36mcommit transaction[0m
  â†³ bin/rails:9
  [1m[35m (0.3ms)[0m  [1m[34mSELECT "schema_migrations"."version" FROM "schema_migrations" ORDER BY "schema_migrations"."version" ASC[0m
  â†³ bin/rails:9
Started GET "/users" for ::1 at 2020-10-08 21:54:58 +0900
  [1m[35m (0.2ms)[0m  [1m[34mSELECT "schema_migrations"."version" FROM "schema_migrations" ORDER BY "schema_migrations"."version" ASC[0m
  â†³ /Users/nobuko.m/.rbenv/versions/2.6.3/lib/ruby/gems/2.6.0/gems/activerecord-5.2.4.3/lib/active_record/log_subscriber.rb:98
Processing by UsersController#index as HTML
  [1m[36mUser Load (0.2ms)[0m  [1m[34mSELECT  "users".* FROM "users" WHERE "users"."id" = ? ORDER BY "users"."id" ASC LIMIT ?[0m  [["id", 1], ["LIMIT", 1]]
  â†³ /Users/nobuko.m/.rbenv/versions/2.6.3/lib/ruby/gems/2.6.0/gems/activerecord-5.2.4.3/lib/active_record/log_subscriber.rb:98
Completed 401 Unauthorized in 11ms (ActiveRecord: 0.7ms)


Started GET "/users/sign_in" for ::1 at 2020-10-08 21:54:58 +0900
Processing by Devise::SessionsController#new as HTML
  Rendering devise/sessions/new.html.erb within layouts/application
  Rendered devise/shared/_links.html.erb (0.8ms)
  Rendered devise/sessions/new.html.erb within layouts/application (8.2ms)
  Rendered layouts/_header.html.erb (1.3ms)
  Rendered layouts/_footer.html.erb (0.3ms)
Completed 200 OK in 377ms (Views: 367.2ms | ActiveRecord: 0.0ms)


Started POST "/users/sign_in" for ::1 at 2020-10-08 21:55:11 +0900
Processing by Devise::SessionsController#create as HTML
  Parameters: {"utf8"=>"âœ“", "authenticity_token"=>"Bkn9K+N7YRP0ycos+0iuGGxFLUaZWYR0o4eWoKV+9o31CdDQfazeRUZ+buuhDQEH7mOVKQB8w5fl7KmboiN3wA==", "user"=>{"name"=>"ã•ã¤ã¾ã„ã‚‚", "password"=>"[FILTERED]", "remember_me"=>"0"}, "commit"=>"Log in"}
  [1m[36mUser Load (0.2ms)[0m  [1m[34mSELECT  "users".* FROM "users" WHERE "users"."name" = ? ORDER BY "users"."id" ASC LIMIT ?[0m  [["name", "ã•ã¤ã¾ã„ã‚‚"], ["LIMIT", 1]]
  â†³ /Users/nobuko.m/.rbenv/versions/2.6.3/lib/ruby/gems/2.6.0/gems/activerecord-5.2.4.3/lib/active_record/log_subscriber.rb:98
Completed 401 Unauthorized in 7ms (ActiveRecord: 0.2ms)


Processing by Devise::SessionsController#new as HTML
  Parameters: {"utf8"=>"âœ“", "authenticity_token"=>"Bkn9K+N7YRP0ycos+0iuGGxFLUaZWYR0o4eWoKV+9o31CdDQfazeRUZ+buuhDQEH7mOVKQB8w5fl7KmboiN3wA==", "user"=>{"name"=>"ã•ã¤ã¾ã„ã‚‚", "password"=>"[FILTERED]", "remember_me"=>"0"}, "commit"=>"Log in"}
  Rendering devise/sessions/new.html.erb within layouts/application
  Rendered devise/shared/_links.html.erb (0.9ms)
  Rendered devise/sessions/new.html.erb within layouts/application (3.1ms)
  Rendered layouts/_header.html.erb (0.7ms)
  Rendered layouts/_footer.html.erb (0.3ms)
Completed 200 OK in 297ms (Views: 48.1ms | ActiveRecord: 0.0ms)


  [1m[35m (0.1ms)[0m  [1m[34mSELECT "schema_migrations"."version" FROM "schema_migrations" ORDER BY "schema_migrations"."version" ASC[0m
  â†³ bin/rails:9
  [1m[35m (0.1ms)[0m  [1m[36mbegin transaction[0m
  â†³ db/seeds.rb:9
  [1m[36mUser Exists (0.1ms)[0m  [1m[34mSELECT  1 AS one FROM "users" WHERE "users"."email" = ? LIMIT ?[0m  [["email", "admin@railstutorial.org"], ["LIMIT", 1]]
  â†³ db/seeds.rb:9
  [1m[36mUser Exists (0.1ms)[0m  [1m[34mSELECT  1 AS one FROM "users" WHERE "users"."name" = ? LIMIT ?[0m  [["name", "Admin"], ["LIMIT", 1]]
  â†³ db/seeds.rb:9
  [1m[35m (0.1ms)[0m  [1m[31mrollback transaction[0m
  â†³ db/seeds.rb:9
  [1m[35m (0.2ms)[0m  [1m[34mSELECT "schema_migrations"."version" FROM "schema_migrations" ORDER BY "schema_migrations"."version" ASC[0m
  â†³ bin/rails:9
  [1m[35m (0.2ms)[0m  [1m[34mSELECT "ar_internal_metadata"."value" FROM "ar_internal_metadata" WHERE "ar_internal_metadata"."key" = ?[0m  [["key", "environment"]]
  â†³ bin/rails:9
  [1m[35m (0.1ms)[0m  [1m[34mSELECT "schema_migrations"."version" FROM "schema_migrations" ORDER BY "schema_migrations"."version" ASC[0m
  â†³ bin/rails:9
  [1m[35m (0.1ms)[0m  [1m[34mSELECT "ar_internal_metadata"."value" FROM "ar_internal_metadata" WHERE "ar_internal_metadata"."key" = ?[0m  [["key", "environment"]]
  â†³ bin/rails:9
  [1m[35m (0.1ms)[0m  [1m[34mSELECT "schema_migrations"."version" FROM "schema_migrations" ORDER BY "schema_migrations"."version" ASC[0m
  â†³ bin/rails:9
  [1m[35m (0.1ms)[0m  [1m[34mSELECT "ar_internal_metadata"."value" FROM "ar_internal_metadata" WHERE "ar_internal_metadata"."key" = ?[0m  [["key", "environment"]]
  â†³ bin/rails:9
  [1m[35m (0.1ms)[0m  [1m[34mSELECT sqlite_version(*)[0m
  â†³ bin/rails:9
  [1m[35m (1.3ms)[0m  [1m[35mCREATE TABLE "schema_migrations" ("version" varchar NOT NULL PRIMARY KEY)[0m
  â†³ bin/rails:9
  [1m[35m (1.0ms)[0m  [1m[35mCREATE TABLE "ar_internal_metadata" ("key" varchar NOT NULL PRIMARY KEY, "value" varchar, "created_at" datetime NOT NULL, "updated_at" datetime NOT NULL)[0m
  â†³ bin/rails:9
  [1m[35m (0.1ms)[0m  [1m[34mSELECT "schema_migrations"."version" FROM "schema_migrations" ORDER BY "schema_migrations"."version" ASC[0m
  â†³ bin/rails:9
Migrating to DeviseCreateUsers (20200830060820)
  [1m[35m (0.1ms)[0m  [1m[36mbegin transaction[0m
  â†³ bin/rails:9
  [1m[35m (1.3ms)[0m  [1m[35mCREATE TABLE "users" ("id" integer PRIMARY KEY AUTOINCREMENT NOT NULL, "email" varchar DEFAULT '' NOT NULL, "encrypted_password" varchar DEFAULT '' NOT NULL, "reset_password_token" varchar, "reset_password_sent_at" datetime, "remember_created_at" datetime, "name" varchar, "introduction" text, "profile_image_id" varchar, "created_at" datetime NOT NULL, "updated_at" datetime NOT NULL)[0m
  â†³ db/migrate/20200830060820_devise_create_users.rb:5
  [1m[35m (0.1ms)[0m  [1m[35mCREATE UNIQUE INDEX "index_users_on_email" ON "users" ("email")[0m
  â†³ db/migrate/20200830060820_devise_create_users.rb:41
  [1m[35m (0.1ms)[0m  [1m[35mCREATE UNIQUE INDEX "index_users_on_reset_password_token" ON "users" ("reset_password_token")[0m
  â†³ db/migrate/20200830060820_devise_create_users.rb:42
  [1m[36mActiveRecord::SchemaMigration Create (0.2ms)[0m  [1m[32mINSERT INTO "schema_migrations" ("version") VALUES (?)[0m  [["version", "20200830060820"]]
  â†³ bin/rails:9
  [1m[35m (0.9ms)[0m  [1m[36mcommit transaction[0m
  â†³ bin/rails:9
Migrating to CreateBooks (20200830062142)
  [1m[35m (0.0ms)[0m  [1m[36mbegin transaction[0m
  â†³ bin/rails:9
  [1m[35m (0.4ms)[0m  [1m[35mCREATE TABLE "books" ("id" integer PRIMARY KEY AUTOINCREMENT NOT NULL, "title" varchar, "body" text, "user_id" integer, "created_at" datetime NOT NULL, "updated_at" datetime NOT NULL)[0m
  â†³ db/migrate/20200830062142_create_books.rb:3
  [1m[36mActiveRecord::SchemaMigration Create (0.1ms)[0m  [1m[32mINSERT INTO "schema_migrations" ("version") VALUES (?)[0m  [["version", "20200830062142"]]
  â†³ bin/rails:9
  [1m[35m (0.7ms)[0m  [1m[36mcommit transaction[0m
  â†³ bin/rails:9
Migrating to CreateFavorites (20201002001008)
  [1m[35m (0.1ms)[0m  [1m[36mbegin transaction[0m
  â†³ bin/rails:9
  [1m[35m (0.6ms)[0m  [1m[35mCREATE TABLE "favorites" ("id" integer PRIMARY KEY AUTOINCREMENT NOT NULL, "user_id" integer, "book_id" integer, "created_at" datetime NOT NULL, "updated_at" datetime NOT NULL)[0m
  â†³ db/migrate/20201002001008_create_favorites.rb:3
  [1m[36mActiveRecord::SchemaMigration Create (0.3ms)[0m  [1m[32mINSERT INTO "schema_migrations" ("version") VALUES (?)[0m  [["version", "20201002001008"]]
  â†³ bin/rails:9
  [1m[35m (0.9ms)[0m  [1m[36mcommit transaction[0m
  â†³ bin/rails:9
Migrating to CreateBookComments (20201002051321)
  [1m[35m (0.0ms)[0m  [1m[36mbegin transaction[0m
  â†³ bin/rails:9
  [1m[35m (0.4ms)[0m  [1m[35mCREATE TABLE "book_comments" ("id" integer PRIMARY KEY AUTOINCREMENT NOT NULL, "content" varchar, "user_id" integer, "post_id" integer, "created_at" datetime NOT NULL, "updated_at" datetime NOT NULL, CONSTRAINT "fk_rails_aaef0f940d"
FOREIGN KEY ("user_id")
  REFERENCES "users" ("id")
, CONSTRAINT "fk_rails_3e35b1f29f"
FOREIGN KEY ("post_id")
  REFERENCES "posts" ("id")
)[0m
  â†³ db/migrate/20201002051321_create_book_comments.rb:3
  [1m[35m (0.2ms)[0m  [1m[35mCREATE  INDEX "index_book_comments_on_user_id" ON "book_comments" ("user_id")[0m
  â†³ db/migrate/20201002051321_create_book_comments.rb:3
  [1m[35m (0.1ms)[0m  [1m[35mCREATE  INDEX "index_book_comments_on_post_id" ON "book_comments" ("post_id")[0m
  â†³ db/migrate/20201002051321_create_book_comments.rb:3
  [1m[36mActiveRecord::SchemaMigration Create (0.1ms)[0m  [1m[32mINSERT INTO "schema_migrations" ("version") VALUES (?)[0m  [["version", "20201002051321"]]
  â†³ bin/rails:9
  [1m[35m (0.9ms)[0m  [1m[36mcommit transaction[0m
  â†³ bin/rails:9
Migrating to RenamePostIdColumnToBookComments (20201002064206)
  [1m[35m (0.1ms)[0m  [1m[36mbegin transaction[0m
  â†³ bin/rails:9
  [1m[35m (0.1ms)[0m  [1m[35mCREATE TEMPORARY TABLE "abook_comments" ("id" integer NOT NULL PRIMARY KEY, "content" varchar DEFAULT NULL, "user_id" integer DEFAULT NULL, "book_id" integer DEFAULT NULL, "created_at" datetime NOT NULL, "updated_at" datetime NOT NULL)[0m
  â†³ db/migrate/20201002064206_rename_post_id_column_to_book_comments.rb:3
  [1m[35m (0.1ms)[0m  [1m[35mCREATE  INDEX "tindex_abook_comments_on_post_id" ON "abook_comments" ("book_id")[0m
  â†³ db/migrate/20201002064206_rename_post_id_column_to_book_comments.rb:3
  [1m[35m (0.1ms)[0m  [1m[35mCREATE  INDEX "tindex_abook_comments_on_user_id" ON "abook_comments" ("user_id")[0m
  â†³ db/migrate/20201002064206_rename_post_id_column_to_book_comments.rb:3
  [1m[35m (0.1ms)[0m  [1m[32mINSERT INTO "abook_comments" ("id","content","user_id","book_id","created_at","updated_at")
                     SELECT "id","content","user_id","post_id","created_at","updated_at" FROM "book_comments"[0m
  â†³ db/migrate/20201002064206_rename_post_id_column_to_book_comments.rb:3
  [1m[35m (0.3ms)[0m  [1m[35mDROP TABLE "book_comments"[0m
  â†³ db/migrate/20201002064206_rename_post_id_column_to_book_comments.rb:3
  [1m[35m (0.1ms)[0m  [1m[35mCREATE TABLE "book_comments" ("id" integer NOT NULL PRIMARY KEY, "content" varchar DEFAULT NULL, "user_id" integer DEFAULT NULL, "book_id" integer DEFAULT NULL, "created_at" datetime NOT NULL, "updated_at" datetime NOT NULL)[0m
  â†³ db/migrate/20201002064206_rename_post_id_column_to_book_comments.rb:3
  [1m[35m (0.1ms)[0m  [1m[35mCREATE  INDEX "index_book_comments_on_user_id" ON "book_comments" ("user_id")[0m
  â†³ db/migrate/20201002064206_rename_post_id_column_to_book_comments.rb:3
  [1m[35m (0.1ms)[0m  [1m[35mCREATE  INDEX "index_book_comments_on_post_id" ON "book_comments" ("book_id")[0m
  â†³ db/migrate/20201002064206_rename_post_id_column_to_book_comments.rb:3
  [1m[35m (0.1ms)[0m  [1m[32mINSERT INTO "book_comments" ("id","content","user_id","book_id","created_at","updated_at")
                     SELECT "id","content","user_id","book_id","created_at","updated_at" FROM "abook_comments"[0m
  â†³ db/migrate/20201002064206_rename_post_id_column_to_book_comments.rb:3
  [1m[35m (0.1ms)[0m  [1m[35mDROP TABLE "abook_comments"[0m
  â†³ db/migrate/20201002064206_rename_post_id_column_to_book_comments.rb:3
  [1m[35m (0.1ms)[0m  [1m[35mCREATE  INDEX "index_book_comments_on_book_id" ON "book_comments" ("book_id")[0m
  â†³ db/migrate/20201002064206_rename_post_id_column_to_book_comments.rb:3
  [1m[35m (0.1ms)[0m  [1m[35mDROP INDEX "index_book_comments_on_post_id"[0m
  â†³ db/migrate/20201002064206_rename_post_id_column_to_book_comments.rb:3
  [1m[36mActiveRecord::SchemaMigration Create (0.1ms)[0m  [1m[32mINSERT INTO "schema_migrations" ("version") VALUES (?)[0m  [["version", "20201002064206"]]
  â†³ bin/rails:9
  [1m[35m (0.6ms)[0m  [1m[36mcommit transaction[0m
  â†³ bin/rails:9
Migrating to AddAdminToUsers (20201008114102)
  [1m[35m (0.0ms)[0m  [1m[36mbegin transaction[0m
  â†³ bin/rails:9
  [1m[35m (0.4ms)[0m  [1m[35mALTER TABLE "users" ADD "admin" boolean DEFAULT 0[0m
  â†³ db/migrate/20201008114102_add_admin_to_users.rb:3
  [1m[36mActiveRecord::SchemaMigration Create (0.1ms)[0m  [1m[32mINSERT INTO "schema_migrations" ("version") VALUES (?)[0m  [["version", "20201008114102"]]
  â†³ bin/rails:9
  [1m[35m (0.7ms)[0m  [1m[36mcommit transaction[0m
  â†³ bin/rails:9
Migrating to RemoveAdminFromUsers (20201008115015)
  [1m[35m (0.1ms)[0m  [1m[36mbegin transaction[0m
  â†³ bin/rails:9
  [1m[35m (0.1ms)[0m  [1m[35mCREATE TEMPORARY TABLE "ausers" ("id" integer NOT NULL PRIMARY KEY, "email" varchar DEFAULT '' NOT NULL, "encrypted_password" varchar DEFAULT '' NOT NULL, "reset_password_token" varchar DEFAULT NULL, "reset_password_sent_at" datetime DEFAULT NULL, "remember_created_at" datetime DEFAULT NULL, "name" varchar DEFAULT NULL, "introduction" text DEFAULT NULL, "profile_image_id" varchar DEFAULT NULL, "created_at" datetime NOT NULL, "updated_at" datetime NOT NULL, "admin" boolean DEFAULT 0)[0m
  â†³ db/migrate/20201008115015_remove_admin_from_users.rb:3
  [1m[35m (0.1ms)[0m  [1m[35mCREATE UNIQUE INDEX "tindex_ausers_on_reset_password_token" ON "ausers" ("reset_password_token")[0m
  â†³ db/migrate/20201008115015_remove_admin_from_users.rb:3
  [1m[35m (0.1ms)[0m  [1m[35mCREATE UNIQUE INDEX "tindex_ausers_on_email" ON "ausers" ("email")[0m
  â†³ db/migrate/20201008115015_remove_admin_from_users.rb:3
  [1m[35m (0.1ms)[0m  [1m[32mINSERT INTO "ausers" ("id","email","encrypted_password","reset_password_token","reset_password_sent_at","remember_created_at","name","introduction","profile_image_id","created_at","updated_at","admin")
                     SELECT "id","email","encrypted_password","reset_password_token","reset_password_sent_at","remember_created_at","name","introduction","profile_image_id","created_at","updated_at","admin" FROM "users"[0m
  â†³ db/migrate/20201008115015_remove_admin_from_users.rb:3
  [1m[35m (0.3ms)[0m  [1m[35mDROP TABLE "users"[0m
  â†³ db/migrate/20201008115015_remove_admin_from_users.rb:3
  [1m[35m (0.3ms)[0m  [1m[35mCREATE TABLE "users" ("id" integer NOT NULL PRIMARY KEY, "email" varchar DEFAULT '' NOT NULL, "encrypted_password" varchar DEFAULT '' NOT NULL, "reset_password_token" varchar DEFAULT NULL, "reset_password_sent_at" datetime DEFAULT NULL, "remember_created_at" datetime DEFAULT NULL, "name" varchar DEFAULT NULL, "introduction" text DEFAULT NULL, "profile_image_id" varchar DEFAULT NULL, "created_at" datetime NOT NULL, "updated_at" datetime NOT NULL)[0m
  â†³ db/migrate/20201008115015_remove_admin_from_users.rb:3
  [1m[35m (0.1ms)[0m  [1m[35mCREATE UNIQUE INDEX "index_users_on_email" ON "users" ("email")[0m
  â†³ db/migrate/20201008115015_remove_admin_from_users.rb:3
  [1m[35m (0.1ms)[0m  [1m[35mCREATE UNIQUE INDEX "index_users_on_reset_password_token" ON "users" ("reset_password_token")[0m
  â†³ db/migrate/20201008115015_remove_admin_from_users.rb:3
  [1m[35m (0.1ms)[0m  [1m[32mINSERT INTO "users" ("id","email","encrypted_password","reset_password_token","reset_password_sent_at","remember_created_at","name","introduction","profile_image_id","created_at","updated_at")
                     SELECT "id","email","encrypted_password","reset_password_token","reset_password_sent_at","remember_created_at","name","introduction","profile_image_id","created_at","updated_at" FROM "ausers"[0m
  â†³ db/migrate/20201008115015_remove_admin_from_users.rb:3
  [1m[35m (0.3ms)[0m  [1m[35mDROP TABLE "ausers"[0m
  â†³ db/migrate/20201008115015_remove_admin_from_users.rb:3
  [1m[36mActiveRecord::SchemaMigration Create (0.2ms)[0m  [1m[32mINSERT INTO "schema_migrations" ("version") VALUES (?)[0m  [["version", "20201008115015"]]
  â†³ bin/rails:9
  [1m[35m (0.7ms)[0m  [1m[36mcommit transaction[0m
  â†³ bin/rails:9
Migrating to AddAdminuToUsers (20201008115101)
  [1m[35m (0.0ms)[0m  [1m[36mbegin transaction[0m
  â†³ bin/rails:9
  [1m[35m (0.5ms)[0m  [1m[35mALTER TABLE "users" ADD "admin" boolean DEFAULT 0[0m
  â†³ db/migrate/20201008115101_add_adminu_to_users.rb:3
  [1m[36mActiveRecord::SchemaMigration Create (0.1ms)[0m  [1m[32mINSERT INTO "schema_migrations" ("version") VALUES (?)[0m  [["version", "20201008115101"]]
  â†³ bin/rails:9
  [1m[35m (0.7ms)[0m  [1m[36mcommit transaction[0m
  â†³ bin/rails:9
  [1m[36mActiveRecord::InternalMetadata Load (0.1ms)[0m  [1m[34mSELECT  "ar_internal_metadata".* FROM "ar_internal_metadata" WHERE "ar_internal_metadata"."key" = ? LIMIT ?[0m  [["key", "environment"], ["LIMIT", 1]]
  â†³ bin/rails:9
  [1m[35m (0.0ms)[0m  [1m[36mbegin transaction[0m
  â†³ bin/rails:9
  [1m[36mActiveRecord::InternalMetadata Create (0.3ms)[0m  [1m[32mINSERT INTO "ar_internal_metadata" ("key", "value", "created_at", "updated_at") VALUES (?, ?, ?, ?)[0m  [["key", "environment"], ["value", "development"], ["created_at", "2020-10-08 13:03:37.286694"], ["updated_at", "2020-10-08 13:03:37.286694"]]
  â†³ bin/rails:9
  [1m[35m (0.7ms)[0m  [1m[36mcommit transaction[0m
  â†³ bin/rails:9
  [1m[35m (0.1ms)[0m  [1m[34mSELECT "schema_migrations"."version" FROM "schema_migrations" ORDER BY "schema_migrations"."version" ASC[0m
  â†³ bin/rails:9
  [1m[35m (0.1ms)[0m  [1m[34mSELECT "schema_migrations"."version" FROM "schema_migrations" ORDER BY "schema_migrations"."version" ASC[0m
  â†³ bin/rails:9
  [1m[35m (0.1ms)[0m  [1m[36mbegin transaction[0m
  â†³ db/seeds.rb:9
  [1m[36mUser Exists (0.2ms)[0m  [1m[34mSELECT  1 AS one FROM "users" WHERE "users"."email" = ? LIMIT ?[0m  [["email", "admin@railstutorial.org"], ["LIMIT", 1]]
  â†³ db/seeds.rb:9
  [1m[36mUser Exists (0.1ms)[0m  [1m[34mSELECT  1 AS one FROM "users" WHERE "users"."name" = ? LIMIT ?[0m  [["name", "Admin"], ["LIMIT", 1]]
  â†³ db/seeds.rb:9
  [1m[36mUser Create (0.3ms)[0m  [1m[32mINSERT INTO "users" ("email", "encrypted_password", "name", "created_at", "updated_at", "admin") VALUES (?, ?, ?, ?, ?, ?)[0m  [["email", "admin@railstutorial.org"], ["encrypted_password", "$2a$12$BZltzW5H/eYW.B5MrEO5LuW2OyBcxAXBNYHGlH55e/v/2At0C5GKe"], ["name", "Admin"], ["created_at", "2020-10-08 13:03:50.618012"], ["updated_at", "2020-10-08 13:03:50.618012"], ["admin", 1]]
  â†³ db/seeds.rb:9
  [1m[35m (1.3ms)[0m  [1m[36mcommit transaction[0m
  â†³ db/seeds.rb:9
  [1m[35m (0.1ms)[0m  [1m[36mbegin transaction[0m
  â†³ db/seeds.rb:14
  [1m[36mUser Exists (0.3ms)[0m  [1m[34mSELECT  1 AS one FROM "users" WHERE "users"."email" = ? LIMIT ?[0m  [["email", "user@railstutorial.org"], ["LIMIT", 1]]
  â†³ db/seeds.rb:14
  [1m[36mUser Exists (0.1ms)[0m  [1m[34mSELECT  1 AS one FROM "users" WHERE "users"."name" = ? LIMIT ?[0m  [["name", "User"], ["LIMIT", 1]]
  â†³ db/seeds.rb:14
  [1m[36mUser Create (0.4ms)[0m  [1m[32mINSERT INTO "users" ("email", "encrypted_password", "name", "created_at", "updated_at") VALUES (?, ?, ?, ?, ?)[0m  [["email", "user@railstutorial.org"], ["encrypted_password", "$2a$12$C1Rkz3iVxltVPNLA9GD7L.Nv2wd7uDN4woBqBck/eyt53DGP3f38y"], ["name", "User"], ["created_at", "2020-10-08 13:03:50.829491"], ["updated_at", "2020-10-08 13:03:50.829491"]]
  â†³ db/seeds.rb:14
  [1m[35m (0.9ms)[0m  [1m[36mcommit transaction[0m
  â†³ db/seeds.rb:14
Started POST "/users/sign_in" for ::1 at 2020-10-08 22:04:45 +0900
  [1m[35m (0.3ms)[0m  [1m[34mSELECT "schema_migrations"."version" FROM "schema_migrations" ORDER BY "schema_migrations"."version" ASC[0m
  â†³ /Users/nobuko.m/.rbenv/versions/2.6.3/lib/ruby/gems/2.6.0/gems/activerecord-5.2.4.3/lib/active_record/log_subscriber.rb:98
Processing by Devise::SessionsController#create as HTML
  Parameters: {"utf8"=>"âœ“", "authenticity_token"=>"q4cqF5vv49/iNKezZjpusOc2wyDudHGth7Ek35/o7wRYxwfsBThciVCDA3Q8f8GvZRB7T3dRNk7B2hvkmLVuSQ==", "user"=>{"name"=>"Admin", "password"=>"[FILTERED]", "remember_me"=>"0"}, "commit"=>"Log in"}
  [1m[36mUser Load (0.2ms)[0m  [1m[34mSELECT  "users".* FROM "users" WHERE "users"."name" = ? ORDER BY "users"."id" ASC LIMIT ?[0m  [["name", "Admin"], ["LIMIT", 1]]
  â†³ /Users/nobuko.m/.rbenv/versions/2.6.3/lib/ruby/gems/2.6.0/gems/activerecord-5.2.4.3/lib/active_record/log_subscriber.rb:98
Redirected to http://localhost:3000/users/1
Completed 302 Found in 238ms (ActiveRecord: 0.7ms)


Started GET "/users/1" for ::1 at 2020-10-08 22:04:46 +0900
Processing by UsersController#show as HTML
  Parameters: {"id"=>"1"}
  [1m[36mUser Load (0.4ms)[0m  [1m[34mSELECT  "users".* FROM "users" WHERE "users"."id" = ? ORDER BY "users"."id" ASC LIMIT ?[0m  [["id", 1], ["LIMIT", 1]]
  â†³ /Users/nobuko.m/.rbenv/versions/2.6.3/lib/ruby/gems/2.6.0/gems/activerecord-5.2.4.3/lib/active_record/log_subscriber.rb:98
  [1m[36mUser Load (0.2ms)[0m  [1m[34mSELECT  "users".* FROM "users" WHERE "users"."id" = ? LIMIT ?[0m  [["id", 1], ["LIMIT", 1]]
  â†³ app/controllers/users_controller.rb:6
  Rendering users/show.html.erb within layouts/application
  Rendered users/_profile.html.erb (233.0ms)
  Rendered books/_form.html.erb (10.0ms)
  [1m[36mBook Load (0.3ms)[0m  [1m[34mSELECT "books".* FROM "books" WHERE "books"."user_id" = ?[0m  [["user_id", 1]]
  â†³ app/views/users/show.html.erb:24
  Rendered users/show.html.erb within layouts/application (249.0ms)
  Rendered layouts/_header.html.erb (2.2ms)
  Rendered layouts/_footer.html.erb (0.5ms)
Completed 200 OK in 359ms (Views: 342.5ms | ActiveRecord: 1.3ms)


Started GET "/users" for ::1 at 2020-10-08 22:05:03 +0900
Processing by UsersController#index as HTML
  [1m[36mUser Load (0.1ms)[0m  [1m[34mSELECT  "users".* FROM "users" WHERE "users"."id" = ? ORDER BY "users"."id" ASC LIMIT ?[0m  [["id", 1], ["LIMIT", 1]]
  â†³ /Users/nobuko.m/.rbenv/versions/2.6.3/lib/ruby/gems/2.6.0/gems/activerecord-5.2.4.3/lib/active_record/log_subscriber.rb:98
  Rendering users/index.html.erb within layouts/application
  Rendered users/_profile.html.erb (2.6ms)
  Rendered books/_form.html.erb (1.9ms)
  [1m[36mUser Load (0.4ms)[0m  [1m[34mSELECT "users".* FROM "users"[0m
  â†³ app/views/users/_index.html.erb:11
  Rendered users/_index.html.erb (3.9ms)
  Rendered users/index.html.erb within layouts/application (12.6ms)
  Rendered layouts/_header.html.erb (0.6ms)
  Rendered layouts/_footer.html.erb (0.2ms)
Completed 200 OK in 84ms (Views: 81.8ms | ActiveRecord: 0.5ms)


Started GET "/users/2" for ::1 at 2020-10-08 22:05:09 +0900
Processing by UsersController#show as HTML
  Parameters: {"id"=>"2"}
  [1m[36mUser Load (0.2ms)[0m  [1m[34mSELECT  "users".* FROM "users" WHERE "users"."id" = ? ORDER BY "users"."id" ASC LIMIT ?[0m  [["id", 1], ["LIMIT", 1]]
  â†³ /Users/nobuko.m/.rbenv/versions/2.6.3/lib/ruby/gems/2.6.0/gems/activerecord-5.2.4.3/lib/active_record/log_subscriber.rb:98
  [1m[36mUser Load (0.2ms)[0m  [1m[34mSELECT  "users".* FROM "users" WHERE "users"."id" = ? LIMIT ?[0m  [["id", 2], ["LIMIT", 1]]
  â†³ app/controllers/users_controller.rb:6
  Rendering users/show.html.erb within layouts/application
  Rendered users/_profile.html.erb (1.5ms)
  Rendered books/_form.html.erb (2.3ms)
  [1m[36mBook Load (0.1ms)[0m  [1m[34mSELECT "books".* FROM "books" WHERE "books"."user_id" = ?[0m  [["user_id", 2]]
  â†³ app/views/users/show.html.erb:24
  Rendered users/show.html.erb within layouts/application (7.0ms)
  Rendered layouts/_header.html.erb (1.2ms)
  Rendered layouts/_footer.html.erb (0.3ms)
Completed 200 OK in 68ms (Views: 63.8ms | ActiveRecord: 0.5ms)


